Unity Editor version:    6000.0.28f1 (f336aca0cab5)
Branch:                  6000.0/staging
Build type:              Release
Batch mode:              YES
macOS version:           Version 15.3.1 (Build 24D70)
Darwin version:          24.3.0
Architecture:            arm64
Running under Rosetta:   NO
Available memory:        8192 MB
Using pre-set license
Pro License: YES

COMMAND LINE ARGUMENTS:
/Applications/Unity/Hub/Editor/6000.0.28f1/Unity.app/Contents/MacOS/Unity
-adb2
-batchMode
-noUpm
-name
AssetImportWorker0
-projectPath
/Users/akshaj/Library/CloudStorage/OneDrive-Personal/macbook bkp/Unity/unity
-logFile
Logs/AssetImportWorker0.log
-srvPort
55275
-job-worker-count
3
-background-job-worker-count
8
-asset-garbage-collectors
1
Successfully changed project path to: /Users/akshaj/Library/CloudStorage/OneDrive-Personal/macbook bkp/Unity/unity
/Users/akshaj/Library/CloudStorage/OneDrive-Personal/macbook bkp/Unity/unity
[UnityMemory] Configuration Parameters - Can be set up in boot.config
    "memorysetup-bucket-allocator-granularity=16"
    "memorysetup-bucket-allocator-bucket-count=8"
    "memorysetup-bucket-allocator-block-size=33554432"
    "memorysetup-bucket-allocator-block-count=8"
    "memorysetup-main-allocator-block-size=16777216"
    "memorysetup-thread-allocator-block-size=16777216"
    "memorysetup-gfx-main-allocator-block-size=16777216"
    "memorysetup-gfx-thread-allocator-block-size=16777216"
    "memorysetup-cache-allocator-block-size=4194304"
    "memorysetup-typetree-allocator-block-size=2097152"
    "memorysetup-profiler-bucket-allocator-granularity=16"
    "memorysetup-profiler-bucket-allocator-bucket-count=8"
    "memorysetup-profiler-bucket-allocator-block-size=33554432"
    "memorysetup-profiler-bucket-allocator-block-count=8"
    "memorysetup-profiler-allocator-block-size=16777216"
    "memorysetup-profiler-editor-allocator-block-size=1048576"
    "memorysetup-temp-allocator-size-main=16777216"
    "memorysetup-job-temp-allocator-block-size=2097152"
    "memorysetup-job-temp-allocator-block-size-background=1048576"
    "memorysetup-job-temp-allocator-reduction-small-platforms=262144"
    "memorysetup-allocator-temp-initial-block-size-main=262144"
    "memorysetup-allocator-temp-initial-block-size-worker=262144"
    "memorysetup-temp-allocator-size-background-worker=32768"
    "memorysetup-temp-allocator-size-job-worker=262144"
    "memorysetup-temp-allocator-size-preload-manager=33554432"
    "memorysetup-temp-allocator-size-nav-mesh-worker=65536"
    "memorysetup-temp-allocator-size-audio-worker=65536"
    "memorysetup-temp-allocator-size-cloud-worker=32768"
    "memorysetup-temp-allocator-size-gi-baking-worker=262144"
    "memorysetup-temp-allocator-size-gi-baking-worker=262144"
    "memorysetup-temp-allocator-size-gi-baking-worker=262144"
    "memorysetup-temp-allocator-size-gi-baking-worker=262144"
    "memorysetup-temp-allocator-size-gi-baking-worker=262144"
    "memorysetup-temp-allocator-size-gfx=262144"
Player connection [8353548352]  Target information:

Player connection [8353548352]  * "[IP] 192.168.200.12 [Port] 0 [Flags] 2 [Guid] 1382989767 [EditorId] 1382989767 [Version] 1048832 [Id] OSXEditor(0,Mac) [Debug] 1 [PackageName] OSXEditor [ProjectName] Editor" 

Player connection [8353548352] Host joined multi-casting on [225.0.0.222:54997]...
Player connection [8353548352] Host joined alternative multi-casting on [225.0.0.222:34997]...
JobSystem: Creating JobQueue using job-worker-count value 3
[Physics::Module] Initialized fallback backend.
[Physics::Module] Id: 0xdecafbad
Library Redirect Path: Library/
[Physics::Module] Selected backend.
[Physics::Module] Name: PhysX
[Physics::Module] Id: 0xf2b8ea05
[Physics::Module] SDK Version: 4.1.2
[Physics::Module] Integration Version: 1.0.0
[Physics::Module] Threading Mode: Multi-Threaded
Refreshing native plugins compatible for Editor in 4.88 ms, found 3 plugins.
Preloading 0 native plugins for Editor in 0.00 ms.
Initialize engine version: 6000.0.28f1 (f336aca0cab5)
[Subsystems] Discovering subsystems at path /Applications/Unity/Hub/Editor/6000.0.28f1/Unity.app/Contents/Resources/UnitySubsystems
[Subsystems] Discovering subsystems at path /Users/akshaj/Library/CloudStorage/OneDrive-Personal/macbook bkp/Unity/unity/Assets
GfxDevice: creating device client; kGfxThreadingModeNonThreaded
 preferred device: Apple M2 (high power)
Metal devices available: 1
0: Apple M2 (high power)
Using device Apple M2 (high power)
Initializing Metal device caps: Apple M2
Initialize mono
Mono path[0] = '/Applications/Unity/Hub/Editor/6000.0.28f1/Unity.app/Contents/Managed'
Mono path[1] = '/Applications/Unity/Hub/Editor/6000.0.28f1/Unity.app/Contents/MonoBleedingEdge/lib/mono/unityjit-macos'
Mono config path = '/Applications/Unity/Hub/Editor/6000.0.28f1/Unity.app/Contents/MonoBleedingEdge/etc'
Using monoOptions --debugger-agent=transport=dt_socket,embedding=1,server=y,suspend=n,address=127.0.0.1:56797
Begin MonoManager ReloadAssembly
Registering precompiled unity dll's ...
Register platform support module: /Applications/Unity/Hub/Editor/6000.0.28f1/Unity.app/Contents/PlaybackEngines/MacStandaloneSupport/UnityEditor.OSXStandalone.Extensions.dll
Registered in 0.001686 seconds.
- Loaded All Assemblies, in  0.372 seconds
Native extension for OSXStandalone target not found
Mono: successfully reloaded assembly
- Finished resetting the current domain, in  0.609 seconds
Domain Reload Profiling: 981ms
	BeginReloadAssembly (113ms)
		ExecutionOrderSort (0ms)
		DisableScriptedObjects (0ms)
		BackupInstance (0ms)
		ReleaseScriptingObjects (0ms)
		CreateAndSetChildDomain (0ms)
	RebuildCommonClasses (27ms)
	RebuildNativeTypeToScriptingClass (10ms)
	initialDomainReloadingComplete (36ms)
	LoadAllAssembliesAndSetupDomain (185ms)
		LoadAssemblies (114ms)
		RebuildTransferFunctionScriptingTraits (0ms)
		AnalyzeDomain (181ms)
			TypeCache.Refresh (179ms)
				TypeCache.ScanAssembly (162ms)
			BuildScriptInfoCaches (0ms)
			ResolveRequiredComponents (2ms)
	FinalizeReload (609ms)
		ReleaseScriptCaches (0ms)
		RebuildScriptCaches (0ms)
		SetupLoadedEditorAssemblies (352ms)
			LogAssemblyErrors (0ms)
			InitializePlatformSupportModulesInManaged (39ms)
			SetLoadedEditorAssemblies (4ms)
			BeforeProcessingInitializeOnLoad (7ms)
			ProcessInitializeOnLoadAttributes (196ms)
			ProcessInitializeOnLoadMethodAttributes (97ms)
			AfterProcessingInitializeOnLoad (9ms)
			EditorAssembliesLoaded (0ms)
		ExecutionOrderSort2 (0ms)
		AwakeInstancesAfterBackupRestoration (0ms)
========================================================================
Worker process is ready to serve import requests
Import Worker Mode flag is 0x00
Begin MonoManager ReloadAssembly
- Loaded All Assemblies, in  1.491 seconds
Refreshing native plugins compatible for Editor in 1.81 ms, found 3 plugins.
Native extension for OSXStandalone target not found
Mono: successfully reloaded assembly
- Finished resetting the current domain, in  1.090 seconds
Domain Reload Profiling: 2577ms
	BeginReloadAssembly (728ms)
		ExecutionOrderSort (0ms)
		DisableScriptedObjects (4ms)
		BackupInstance (0ms)
		ReleaseScriptingObjects (0ms)
		CreateAndSetChildDomain (32ms)
	RebuildCommonClasses (29ms)
	RebuildNativeTypeToScriptingClass (10ms)
	initialDomainReloadingComplete (25ms)
	LoadAllAssembliesAndSetupDomain (696ms)
		LoadAssemblies (323ms)
		RebuildTransferFunctionScriptingTraits (0ms)
		AnalyzeDomain (413ms)
			TypeCache.Refresh (256ms)
				TypeCache.ScanAssembly (227ms)
			BuildScriptInfoCaches (148ms)
			ResolveRequiredComponents (7ms)
	FinalizeReload (1090ms)
		ReleaseScriptCaches (0ms)
		RebuildScriptCaches (0ms)
		SetupLoadedEditorAssemblies (915ms)
			LogAssemblyErrors (0ms)
			InitializePlatformSupportModulesInManaged (2ms)
			SetLoadedEditorAssemblies (3ms)
			BeforeProcessingInitializeOnLoad (63ms)
			ProcessInitializeOnLoadAttributes (690ms)
			ProcessInitializeOnLoadMethodAttributes (155ms)
			AfterProcessingInitializeOnLoad (2ms)
			EditorAssembliesLoaded (0ms)
		ExecutionOrderSort2 (0ms)
		AwakeInstancesAfterBackupRestoration (2ms)
Launching external process: /Applications/Unity/Hub/Editor/6000.0.28f1/Unity.app/Contents/Tools/UnityShaderCompiler
Launched and connected shader compiler UnityShaderCompiler after 0.25 seconds
Refreshing native plugins compatible for Editor in 0.52 ms, found 3 plugins.
Preloading 0 native plugins for Editor in 0.00 ms.
Unloading 220 Unused Serialized files (Serialized files now loaded: 0)
Unloading 6527 unused Assets / (3.6 MB). Loaded Objects now: 7337.
Memory consumption went from 201.6 MB to 198.0 MB.
Total: 11.279875 ms (FindLiveObjects: 0.705584 ms CreateObjectMapping: 0.347375 ms MarkObjects: 8.032166 ms  DeleteObjects: 2.194667 ms)

========================================================================
Received Import Request.
  Time since last request: 242613.807923 seconds.
  path: Assets/Art/prefabs/kenney_ui-pack/PNG
  artifactKey: Guid(5c22b7dcfdbc24c2c9e967da49005979) Importer(815301076,1909f56bfc062723c751e8b465ee728b)
Start importing Assets/Art/prefabs/kenney_ui-pack/PNG using Guid(5c22b7dcfdbc24c2c9e967da49005979) Importer(815301076,1909f56bfc062723c751e8b465ee728b) (PreviewImporter) -> (artifact id: '8dd22c0fafc47880c70bd7510d386168') in 0.045494792 seconds
Number of updated asset objects reloaded before import = 0Number of asset objects unloaded after import = 0

========================================================================
Received Import Request.
  Time since last request: 2.336153 seconds.
  path: Assets/Art/prefabs/kenney_ui-pack/PNG/Grey
  artifactKey: Guid(f0db0909633c142378c6cc630c8590a3) Importer(815301076,1909f56bfc062723c751e8b465ee728b)
Start importing Assets/Art/prefabs/kenney_ui-pack/PNG/Grey using Guid(f0db0909633c142378c6cc630c8590a3) Importer(815301076,1909f56bfc062723c751e8b465ee728b) (PreviewImporter) -> (artifact id: '0618495274ac14baf57b59753f0ed63f') in 0.00131925 seconds
Number of updated asset objects reloaded before import = 0Number of asset objects unloaded after import = 0

========================================================================
Received Import Request.
  Time since last request: 1.832685 seconds.
  path: Assets/Art/prefabs/kenney_ui-pack/PNG/Grey/Default
  artifactKey: Guid(12c163caed21d4bfd87c0d284e98d7d5) Importer(815301076,1909f56bfc062723c751e8b465ee728b)
Start importing Assets/Art/prefabs/kenney_ui-pack/PNG/Grey/Default using Guid(12c163caed21d4bfd87c0d284e98d7d5) Importer(815301076,1909f56bfc062723c751e8b465ee728b) (PreviewImporter) -> (artifact id: '0b4390c5a990694602b4f58576e488e6') in 0.001118291 seconds
Number of updated asset objects reloaded before import = 0Number of asset objects unloaded after import = 0

========================================================================
Received Import Request.
  Time since last request: 0.302154 seconds.
  path: Assets/Art/prefabs/kenney_ui-pack/PNG/Grey/Default/arrow_basic_e.png
  artifactKey: Guid(e55ca24119df14d6a890d2b588e709b8) Importer(815301076,1909f56bfc062723c751e8b465ee728b)
Start importing Assets/Art/prefabs/kenney_ui-pack/PNG/Grey/Default/arrow_basic_e.png using Guid(e55ca24119df14d6a890d2b588e709b8) Importer(815301076,1909f56bfc062723c751e8b465ee728b) (PreviewImporter) -> (artifact id: '485cd69ad86e76b16d7714bc608ecd83') in 0.276525791 seconds
Number of updated asset objects reloaded before import = 0Number of asset objects unloaded after import = 3

========================================================================
Received Import Request.
  Time since last request: 0.000057 seconds.
  path: Assets/Art/prefabs/kenney_ui-pack/PNG/Grey/Default/button_rectangle_flat.png
  artifactKey: Guid(7828a3eaaaefa4ae3b147d37e9f02dd4) Importer(815301076,1909f56bfc062723c751e8b465ee728b)
Start importing Assets/Art/prefabs/kenney_ui-pack/PNG/Grey/Default/button_rectangle_flat.png using Guid(7828a3eaaaefa4ae3b147d37e9f02dd4) Importer(815301076,1909f56bfc062723c751e8b465ee728b) (PreviewImporter) -> (artifact id: '4932811c6d5df2a32735a355b75d3462') in 0.007118459 seconds
Number of updated asset objects reloaded before import = 0Number of asset objects unloaded after import = 3

========================================================================
Received Import Request.
  Time since last request: 0.000071 seconds.
  path: Assets/Art/prefabs/kenney_ui-pack/PNG/Grey/Default/button_square_depth_flat.png
  artifactKey: Guid(009e3e45d14994d6587beaa0ac0760cd) Importer(815301076,1909f56bfc062723c751e8b465ee728b)
Start importing Assets/Art/prefabs/kenney_ui-pack/PNG/Grey/Default/button_square_depth_flat.png using Guid(009e3e45d14994d6587beaa0ac0760cd) Importer(815301076,1909f56bfc062723c751e8b465ee728b) (PreviewImporter) -> (artifact id: 'ee8e73b6f482810c647c9cea2a471854') in 0.007097125 seconds
Number of updated asset objects reloaded before import = 0Number of asset objects unloaded after import = 3

========================================================================
Received Import Request.
  Time since last request: 0.000035 seconds.
  path: Assets/Art/prefabs/kenney_ui-pack/PNG/Grey/Default/arrow_decorative_s_small.png
  artifactKey: Guid(d7ea6ac6a66c544d8a26f8653e1fb0ea) Importer(815301076,1909f56bfc062723c751e8b465ee728b)
Start importing Assets/Art/prefabs/kenney_ui-pack/PNG/Grey/Default/arrow_decorative_s_small.png using Guid(d7ea6ac6a66c544d8a26f8653e1fb0ea) Importer(815301076,1909f56bfc062723c751e8b465ee728b) (PreviewImporter) -> (artifact id: 'f57b737a1e735f74fda1af2d07f9dc81') in 0.005130083 seconds
Number of updated asset objects reloaded before import = 0Number of asset objects unloaded after import = 3

========================================================================
Received Import Request.
  Time since last request: 0.000036 seconds.
  path: Assets/Art/prefabs/kenney_ui-pack/PNG/Grey/Default/arrow_basic_s_small.png
  artifactKey: Guid(b85e0fa9e65b64c6c86bb5981c84e749) Importer(815301076,1909f56bfc062723c751e8b465ee728b)
Start importing Assets/Art/prefabs/kenney_ui-pack/PNG/Grey/Default/arrow_basic_s_small.png using Guid(b85e0fa9e65b64c6c86bb5981c84e749) Importer(815301076,1909f56bfc062723c751e8b465ee728b) (PreviewImporter) -> (artifact id: '78326af615d63db94d34275462d819e1') in 0.00593875 seconds
Number of updated asset objects reloaded before import = 0Number of asset objects unloaded after import = 3

========================================================================
Received Import Request.
  Time since last request: 0.000031 seconds.
  path: Assets/Art/prefabs/kenney_ui-pack/PNG/Grey/Default/button_rectangle_depth_gloss.png
  artifactKey: Guid(d56d1b3737fce4108bb5af4b5faba9b7) Importer(815301076,1909f56bfc062723c751e8b465ee728b)
Start importing Assets/Art/prefabs/kenney_ui-pack/PNG/Grey/Default/button_rectangle_depth_gloss.png using Guid(d56d1b3737fce4108bb5af4b5faba9b7) Importer(815301076,1909f56bfc062723c751e8b465ee728b) (PreviewImporter) -> (artifact id: '771887eb8bcee1b472ef6a245f24919b') in 0.006680708 seconds
Number of updated asset objects reloaded before import = 0Number of asset objects unloaded after import = 3

========================================================================
Received Import Request.
  Time since last request: 0.000040 seconds.
  path: Assets/Art/prefabs/kenney_ui-pack/PNG/Grey/Default/button_rectangle_depth_flat.png
  artifactKey: Guid(f62aa7b4e08d24230a722ab43f226ae8) Importer(815301076,1909f56bfc062723c751e8b465ee728b)
Start importing Assets/Art/prefabs/kenney_ui-pack/PNG/Grey/Default/button_rectangle_depth_flat.png using Guid(f62aa7b4e08d24230a722ab43f226ae8) Importer(815301076,1909f56bfc062723c751e8b465ee728b) (PreviewImporter) -> (artifact id: 'dda1d4ef3ae2d77b9ca162b8f8be1073') in 0.005256041 seconds
Number of updated asset objects reloaded before import = 0Number of asset objects unloaded after import = 3

========================================================================
Received Import Request.
  Time since last request: 0.000027 seconds.
  path: Assets/Art/prefabs/kenney_ui-pack/PNG/Grey/Default/arrow_decorative_w_small.png
  artifactKey: Guid(65e7527c8ff2344b69e1154f5308e7d4) Importer(815301076,1909f56bfc062723c751e8b465ee728b)
Start importing Assets/Art/prefabs/kenney_ui-pack/PNG/Grey/Default/arrow_decorative_w_small.png using Guid(65e7527c8ff2344b69e1154f5308e7d4) Importer(815301076,1909f56bfc062723c751e8b465ee728b) (PreviewImporter) -> (artifact id: '7123dba62f159f4280da8b5479a82cb5') in 0.005863417 seconds
Number of updated asset objects reloaded before import = 0Number of asset objects unloaded after import = 3

========================================================================
Received Import Request.
  Time since last request: 0.000028 seconds.
  path: Assets/Art/prefabs/kenney_ui-pack/PNG/Grey/Default/button_square_border.png
  artifactKey: Guid(8abd76abbe6084b1aa35d33a69b2b810) Importer(815301076,1909f56bfc062723c751e8b465ee728b)
Start importing Assets/Art/prefabs/kenney_ui-pack/PNG/Grey/Default/button_square_border.png using Guid(8abd76abbe6084b1aa35d33a69b2b810) Importer(815301076,1909f56bfc062723c751e8b465ee728b) (PreviewImporter) -> (artifact id: 'd4e2d2542d31f0efafafa033ec13646a') in 0.005191958 seconds
Number of updated asset objects reloaded before import = 0Number of asset objects unloaded after import = 3

========================================================================
Received Import Request.
  Time since last request: 0.000045 seconds.
  path: Assets/Art/prefabs/kenney_ui-pack/PNG/Grey/Default/button_round_gloss.png
  artifactKey: Guid(fea90c8b608d64e50bb706c6b6a65c2b) Importer(815301076,1909f56bfc062723c751e8b465ee728b)
Start importing Assets/Art/prefabs/kenney_ui-pack/PNG/Grey/Default/button_round_gloss.png using Guid(fea90c8b608d64e50bb706c6b6a65c2b) Importer(815301076,1909f56bfc062723c751e8b465ee728b) (PreviewImporter) -> (artifact id: '73d215a2fbe5d5bf9cac2cba394a9209') in 0.008438708 seconds
Number of updated asset objects reloaded before import = 0Number of asset objects unloaded after import = 3

========================================================================
Received Import Request.
  Time since last request: 0.000033 seconds.
  path: Assets/Art/prefabs/kenney_ui-pack/PNG/Grey/Default/button_square_depth_line.png
  artifactKey: Guid(1b0fcea3843de4ff3b7b239dfab35aec) Importer(815301076,1909f56bfc062723c751e8b465ee728b)
Start importing Assets/Art/prefabs/kenney_ui-pack/PNG/Grey/Default/button_square_depth_line.png using Guid(1b0fcea3843de4ff3b7b239dfab35aec) Importer(815301076,1909f56bfc062723c751e8b465ee728b) (PreviewImporter) -> (artifact id: '2f5ce8b48e63c01c1a82163e69d7b02b') in 0.004570667 seconds
Number of updated asset objects reloaded before import = 0Number of asset objects unloaded after import = 3

========================================================================
Received Import Request.
  Time since last request: 0.000040 seconds.
  path: Assets/Art/prefabs/kenney_ui-pack/PNG/Grey/Default/button_rectangle_gradient.png
  artifactKey: Guid(426fdea0668184733ba349d3af95e290) Importer(815301076,1909f56bfc062723c751e8b465ee728b)
Start importing Assets/Art/prefabs/kenney_ui-pack/PNG/Grey/Default/button_rectangle_gradient.png using Guid(426fdea0668184733ba349d3af95e290) Importer(815301076,1909f56bfc062723c751e8b465ee728b) (PreviewImporter) -> (artifact id: '3d62a260fd7f8dbe9f0b9d103d45fcb5') in 0.004772709 seconds
Number of updated asset objects reloaded before import = 0Number of asset objects unloaded after import = 3

========================================================================
Received Import Request.
  Time since last request: 0.000057 seconds.
  path: Assets/Art/prefabs/kenney_ui-pack/PNG/Grey/Default/button_round_depth_border.png
  artifactKey: Guid(e6a4b12a59d1e4f77bd87f7bf92a40ba) Importer(815301076,1909f56bfc062723c751e8b465ee728b)
Start importing Assets/Art/prefabs/kenney_ui-pack/PNG/Grey/Default/button_round_depth_border.png using Guid(e6a4b12a59d1e4f77bd87f7bf92a40ba) Importer(815301076,1909f56bfc062723c751e8b465ee728b) (PreviewImporter) -> (artifact id: '8d6e3b028cd9fd43e867f40240c32aa4') in 0.005591084 seconds
Number of updated asset objects reloaded before import = 0Number of asset objects unloaded after import = 3

========================================================================
Received Import Request.
  Time since last request: 0.000031 seconds.
  path: Assets/Art/prefabs/kenney_ui-pack/PNG/Grey/Default/arrow_decorative_n_small.png
  artifactKey: Guid(0ff4d6c4d8b0d4a85b5cbed3983c2969) Importer(815301076,1909f56bfc062723c751e8b465ee728b)
Start importing Assets/Art/prefabs/kenney_ui-pack/PNG/Grey/Default/arrow_decorative_n_small.png using Guid(0ff4d6c4d8b0d4a85b5cbed3983c2969) Importer(815301076,1909f56bfc062723c751e8b465ee728b) (PreviewImporter) -> (artifact id: 'e4401aee9caca03fce6e1e0929c9760b') in 0.00572725 seconds
Number of updated asset objects reloaded before import = 0Number of asset objects unloaded after import = 3

========================================================================
Received Import Request.
  Time since last request: 0.000028 seconds.
  path: Assets/Art/prefabs/kenney_ui-pack/PNG/Grey/Default/arrow_decorative_n.png
  artifactKey: Guid(6c1a9e061f6894afcbee236b2801b591) Importer(815301076,1909f56bfc062723c751e8b465ee728b)
Start importing Assets/Art/prefabs/kenney_ui-pack/PNG/Grey/Default/arrow_decorative_n.png using Guid(6c1a9e061f6894afcbee236b2801b591) Importer(815301076,1909f56bfc062723c751e8b465ee728b) (PreviewImporter) -> (artifact id: 'f94205f5162004f04254fad3b7734794') in 0.006015292 seconds
Number of updated asset objects reloaded before import = 0Number of asset objects unloaded after import = 3

========================================================================
Received Import Request.
  Time since last request: 0.000033 seconds.
  path: Assets/Art/prefabs/kenney_ui-pack/PNG/Grey/Default/button_round_line.png
  artifactKey: Guid(2266291668e63489abf344eafc29e9ef) Importer(815301076,1909f56bfc062723c751e8b465ee728b)
Start importing Assets/Art/prefabs/kenney_ui-pack/PNG/Grey/Default/button_round_line.png using Guid(2266291668e63489abf344eafc29e9ef) Importer(815301076,1909f56bfc062723c751e8b465ee728b) (PreviewImporter) -> (artifact id: '1e9ce92e743e3593325505c6863fd0bd') in 0.00728275 seconds
Number of updated asset objects reloaded before import = 0Number of asset objects unloaded after import = 3

========================================================================
Received Import Request.
  Time since last request: 0.000038 seconds.
  path: Assets/Art/prefabs/kenney_ui-pack/PNG/Grey/Default/arrow_decorative_s.png
  artifactKey: Guid(9895b4751cfb549858bdc47a50748ab9) Importer(815301076,1909f56bfc062723c751e8b465ee728b)
Start importing Assets/Art/prefabs/kenney_ui-pack/PNG/Grey/Default/arrow_decorative_s.png using Guid(9895b4751cfb549858bdc47a50748ab9) Importer(815301076,1909f56bfc062723c751e8b465ee728b) (PreviewImporter) -> (artifact id: '7555c79ea9200771a0f635a277b4d71f') in 0.0055775 seconds
Number of updated asset objects reloaded before import = 0Number of asset objects unloaded after import = 3

========================================================================
Received Import Request.
  Time since last request: 0.000044 seconds.
  path: Assets/Art/prefabs/kenney_ui-pack/PNG/Grey/Default/arrow_basic_w.png
  artifactKey: Guid(bf9d00d68708349018d7da5b142a40ed) Importer(815301076,1909f56bfc062723c751e8b465ee728b)
Start importing Assets/Art/prefabs/kenney_ui-pack/PNG/Grey/Default/arrow_basic_w.png using Guid(bf9d00d68708349018d7da5b142a40ed) Importer(815301076,1909f56bfc062723c751e8b465ee728b) (PreviewImporter) -> (artifact id: 'f4d581449595c07dd2e212c698d1f0cb') in 0.010758084 seconds
Number of updated asset objects reloaded before import = 0Number of asset objects unloaded after import = 3

========================================================================
Received Import Request.
  Time since last request: 0.000050 seconds.
  path: Assets/Art/prefabs/kenney_ui-pack/PNG/Grey/Default/arrow_basic_n.png
  artifactKey: Guid(6be6993803ed7448a961663ca940d244) Importer(815301076,1909f56bfc062723c751e8b465ee728b)
Start importing Assets/Art/prefabs/kenney_ui-pack/PNG/Grey/Default/arrow_basic_n.png using Guid(6be6993803ed7448a961663ca940d244) Importer(815301076,1909f56bfc062723c751e8b465ee728b) (PreviewImporter) -> (artifact id: 'd2cc6b40dc2205225b9cc8f1c0c42b1e') in 0.004827209 seconds
Number of updated asset objects reloaded before import = 0Number of asset objects unloaded after import = 3

========================================================================
Received Import Request.
  Time since last request: 0.000029 seconds.
  path: Assets/Art/prefabs/kenney_ui-pack/PNG/Grey/Default/arrow_decorative_e.png
  artifactKey: Guid(d57194446e89448329ba606298463e84) Importer(815301076,1909f56bfc062723c751e8b465ee728b)
Start importing Assets/Art/prefabs/kenney_ui-pack/PNG/Grey/Default/arrow_decorative_e.png using Guid(d57194446e89448329ba606298463e84) Importer(815301076,1909f56bfc062723c751e8b465ee728b) (PreviewImporter) -> (artifact id: '810096f31f62f25ccb04185155609502') in 0.005304041 seconds
Number of updated asset objects reloaded before import = 0Number of asset objects unloaded after import = 3

========================================================================
Received Import Request.
  Time since last request: 0.000050 seconds.
  path: Assets/Art/prefabs/kenney_ui-pack/PNG/Grey/Default/arrow_decorative_e_small.png
  artifactKey: Guid(4aa0e005158ca44d0a4ee46390ce0ab4) Importer(815301076,1909f56bfc062723c751e8b465ee728b)
Start importing Assets/Art/prefabs/kenney_ui-pack/PNG/Grey/Default/arrow_decorative_e_small.png using Guid(4aa0e005158ca44d0a4ee46390ce0ab4) Importer(815301076,1909f56bfc062723c751e8b465ee728b) (PreviewImporter) -> (artifact id: '2ea5624fb1923a59a02392dd31e42cb9') in 0.005278042 seconds
Number of updated asset objects reloaded before import = 0Number of asset objects unloaded after import = 3

========================================================================
Received Import Request.
  Time since last request: 0.000036 seconds.
  path: Assets/Art/prefabs/kenney_ui-pack/PNG/Grey/Default/button_rectangle_depth_border.png
  artifactKey: Guid(e8d8d8e7bbb2741918a629cac95f5a88) Importer(815301076,1909f56bfc062723c751e8b465ee728b)
Start importing Assets/Art/prefabs/kenney_ui-pack/PNG/Grey/Default/button_rectangle_depth_border.png using Guid(e8d8d8e7bbb2741918a629cac95f5a88) Importer(815301076,1909f56bfc062723c751e8b465ee728b) (PreviewImporter) -> (artifact id: 'f9c1fac92b0ea2fca3a8c4c2ddf78bbd') in 0.00556725 seconds
Number of updated asset objects reloaded before import = 0Number of asset objects unloaded after import = 3

========================================================================
Received Import Request.
  Time since last request: 0.000034 seconds.
  path: Assets/Art/prefabs/kenney_ui-pack/PNG/Grey/Default/button_round_depth_gloss.png
  artifactKey: Guid(235fd5d60c0a34f7cafe3be7401f2144) Importer(815301076,1909f56bfc062723c751e8b465ee728b)
Start importing Assets/Art/prefabs/kenney_ui-pack/PNG/Grey/Default/button_round_depth_gloss.png using Guid(235fd5d60c0a34f7cafe3be7401f2144) Importer(815301076,1909f56bfc062723c751e8b465ee728b) (PreviewImporter) -> (artifact id: '8ea0d0c050e8ef00508bd45c839973d1') in 0.005931416 seconds
Number of updated asset objects reloaded before import = 0Number of asset objects unloaded after import = 3

========================================================================
Received Import Request.
  Time since last request: 0.251259 seconds.
  path: Assets/Art/prefabs/kenney_ui-pack/PNG/Grey/Default/button_square_line.png
  artifactKey: Guid(518e310606d86466a918a5ccb61908d7) Importer(815301076,1909f56bfc062723c751e8b465ee728b)
Start importing Assets/Art/prefabs/kenney_ui-pack/PNG/Grey/Default/button_square_line.png using Guid(518e310606d86466a918a5ccb61908d7) Importer(815301076,1909f56bfc062723c751e8b465ee728b) (PreviewImporter) -> (artifact id: 'c9d5936484954b44f68ea4800a8d872f') in 0.005341292 seconds
Number of updated asset objects reloaded before import = 0Number of asset objects unloaded after import = 3

========================================================================
Received Import Request.
  Time since last request: 0.000073 seconds.
  path: Assets/Art/prefabs/kenney_ui-pack/PNG/Grey/Default/check_square_grey.png
  artifactKey: Guid(e7a1363b637b14ea9989dfc4e9f8d151) Importer(815301076,1909f56bfc062723c751e8b465ee728b)
Start importing Assets/Art/prefabs/kenney_ui-pack/PNG/Grey/Default/check_square_grey.png using Guid(e7a1363b637b14ea9989dfc4e9f8d151) Importer(815301076,1909f56bfc062723c751e8b465ee728b) (PreviewImporter) -> (artifact id: '5384d0a6ee926cae942b1a56976505ec') in 0.004879459 seconds
Number of updated asset objects reloaded before import = 0Number of asset objects unloaded after import = 3

========================================================================
Received Import Request.
  Time since last request: 0.000089 seconds.
  path: Assets/Art/prefabs/kenney_ui-pack/PNG/Grey/Default/check_square_grey_checkmark.png
  artifactKey: Guid(6a8c9af73400c42ccaa29425a85f60f4) Importer(815301076,1909f56bfc062723c751e8b465ee728b)
Start importing Assets/Art/prefabs/kenney_ui-pack/PNG/Grey/Default/check_square_grey_checkmark.png using Guid(6a8c9af73400c42ccaa29425a85f60f4) Importer(815301076,1909f56bfc062723c751e8b465ee728b) (PreviewImporter) -> (artifact id: '32abf1776e7e5a85cf9874c3a87164c3') in 0.006458584 seconds
Number of updated asset objects reloaded before import = 0Number of asset objects unloaded after import = 3

========================================================================
Received Import Request.
  Time since last request: 0.000039 seconds.
  path: Assets/Art/prefabs/kenney_ui-pack/PNG/Grey/Default/check_round_grey_circle.png
  artifactKey: Guid(7543a09d6f2184a3dada95ba9b646ca9) Importer(815301076,1909f56bfc062723c751e8b465ee728b)
Start importing Assets/Art/prefabs/kenney_ui-pack/PNG/Grey/Default/check_round_grey_circle.png using Guid(7543a09d6f2184a3dada95ba9b646ca9) Importer(815301076,1909f56bfc062723c751e8b465ee728b) (PreviewImporter) -> (artifact id: 'd2cd34298a7be20eb25b9c30cb65636f') in 0.00577925 seconds
Number of updated asset objects reloaded before import = 0Number of asset objects unloaded after import = 3

========================================================================
Received Import Request.
  Time since last request: 0.000042 seconds.
  path: Assets/Art/prefabs/kenney_ui-pack/PNG/Grey/Default/check_round_round_circle.png
  artifactKey: Guid(b034bc1fe87e046fdacb6b4e75438501) Importer(815301076,1909f56bfc062723c751e8b465ee728b)
Start importing Assets/Art/prefabs/kenney_ui-pack/PNG/Grey/Default/check_round_round_circle.png using Guid(b034bc1fe87e046fdacb6b4e75438501) Importer(815301076,1909f56bfc062723c751e8b465ee728b) (PreviewImporter) -> (artifact id: '0b0ff19dc7f64aa2da48cb273d9e003f') in 0.005628833 seconds
Number of updated asset objects reloaded before import = 0Number of asset objects unloaded after import = 3

========================================================================
Received Import Request.
  Time since last request: 0.000045 seconds.
  path: Assets/Art/prefabs/kenney_ui-pack/PNG/Grey/Default/check_square_color_checkmark.png
  artifactKey: Guid(a733e11c6f27d43dab16cef394e1ae31) Importer(815301076,1909f56bfc062723c751e8b465ee728b)
Start importing Assets/Art/prefabs/kenney_ui-pack/PNG/Grey/Default/check_square_color_checkmark.png using Guid(a733e11c6f27d43dab16cef394e1ae31) Importer(815301076,1909f56bfc062723c751e8b465ee728b) (PreviewImporter) -> (artifact id: '8292ea73ce953fc8c6615937538e4d68') in 0.005215042 seconds
Number of updated asset objects reloaded before import = 0Number of asset objects unloaded after import = 3

========================================================================
Received Import Request.
  Time since last request: 62.313658 seconds.
  path: Assets/Scenes/Shop.unity
  artifactKey: Guid(d78fece1028534d52a96d331e86d4404) Importer(815301076,1909f56bfc062723c751e8b465ee728b)
Start importing Assets/Scenes/Shop.unity using Guid(d78fece1028534d52a96d331e86d4404) Importer(815301076,1909f56bfc062723c751e8b465ee728b) (PreviewImporter) -> (artifact id: 'f05d09d0127cb40bbae03fbb180a7bda') in 0.006847917 seconds
Number of updated asset objects reloaded before import = 0Number of asset objects unloaded after import = 0

